2025-07-31 10:33:51,150 - news_rss_collector - INFO - NewsRSSCollector inizializzato con successo
2025-07-31 10:33:51,150 - news_rss_collector - INFO - Rate limiting: 600s tra aggiornamenti
2025-07-31 10:33:51,150 - news_rss_collector - INFO - Feed RSS configurati: 10
2025-07-31 10:33:51,150 - news_rss_collector - INFO - Avvio raccolta notizie da tutti i feed RSS...
2025-07-31 10:33:51,216 - news_rss_collector - ERROR - Errore network per reuters_business: HTTPConnectionPool(host='feeds.reuters.com', port=80): Max retries exceeded with url: /reuters/businessNews (Caused by NameResolutionError("<urllib3.connection.HTTPConnection object at 0x752c81159850>: Failed to resolve 'feeds.reuters.com' ([Errno -2] Name or service not known)"))
2025-07-31 10:33:51,289 - news_rss_collector - INFO - Raccolti 30 articoli da marketwatch_pulse
2025-07-31 10:33:51,297 - news_rss_collector - INFO - Raccolti 10 articoli da investing_com
2025-07-31 10:33:51,326 - news_rss_collector - INFO - Raccolti 30 articoli da seeking_alpha
2025-07-31 10:33:51,369 - news_rss_collector - INFO - Raccolti 30 articoli da cnbc_markets
2025-07-31 10:33:51,388 - news_rss_collector - INFO - Raccolti 20 articoli da yahoo_finance_aapl
2025-07-31 10:33:51,720 - news_rss_collector - INFO - Raccolti 30 articoli da bloomberg
2025-07-31 10:33:51,792 - news_rss_collector - INFO - Raccolti 10 articoli da marketwatch
2025-07-31 10:33:51,864 - news_rss_collector - ERROR - Errore HTTP per benzinga: 404
2025-07-31 10:33:51,878 - news_rss_collector - WARNING - Feed malformato per finviz: <unknown>:5:26: not well-formed (invalid token)
2025-07-31 10:33:51,878 - news_rss_collector - INFO - Raccolti 0 articoli da finviz
2025-07-31 10:34:09,509 - news_rss_collector - INFO - Cache caricata: 5 ETags
2025-07-31 10:34:09,509 - news_rss_collector - INFO - NewsRSSCollector inizializzato con successo
2025-07-31 10:34:09,509 - news_rss_collector - INFO - Rate limiting: 600s tra aggiornamenti
2025-07-31 10:34:09,509 - news_rss_collector - INFO - Feed RSS configurati: 10
2025-07-31 10:34:27,930 - news_rss_collector - INFO - Cache caricata: 5 ETags
2025-07-31 10:34:27,930 - news_rss_collector - INFO - NewsRSSCollector inizializzato con successo
2025-07-31 10:34:27,930 - news_rss_collector - INFO - Rate limiting: 600s tra aggiornamenti
2025-07-31 10:34:27,930 - news_rss_collector - INFO - Feed RSS configurati: 10
2025-07-31 10:34:27,930 - news_rss_collector - INFO - Avvio raccolta notizie da tutti i feed RSS...
2025-07-31 10:34:27,967 - news_rss_collector - ERROR - Errore network per reuters_business: HTTPConnectionPool(host='feeds.reuters.com', port=80): Max retries exceeded with url: /reuters/businessNews (Caused by NameResolutionError("<urllib3.connection.HTTPConnection object at 0x7385243d54f0>: Failed to resolve 'feeds.reuters.com' ([Errno -2] Name or service not known)"))
2025-07-31 10:34:27,968 - news_rss_collector - INFO - Raccolti 0 articoli recenti da 10 feed
2025-07-31 10:34:27,968 - news_rss_collector - INFO - Avvio raccolta notizie da tutti i feed RSS...
2025-07-31 10:34:28,000 - news_rss_collector - ERROR - Errore network per reuters_business: HTTPConnectionPool(host='feeds.reuters.com', port=80): Max retries exceeded with url: /reuters/businessNews (Caused by NameResolutionError("<urllib3.connection.HTTPConnection object at 0x7385233e0200>: Failed to resolve 'feeds.reuters.com' ([Errno -2] Name or service not known)"))
2025-07-31 10:34:28,000 - news_rss_collector - INFO - Raccolti 0 articoli recenti da 10 feed
2025-07-31 10:34:28,001 - news_rss_collector - INFO - Cache caricata: 5 ETags
2025-07-31 10:34:28,001 - news_rss_collector - INFO - NewsRSSCollector inizializzato con successo
2025-07-31 10:34:28,001 - news_rss_collector - INFO - Rate limiting: 600s tra aggiornamenti
2025-07-31 10:34:28,001 - news_rss_collector - INFO - Feed RSS configurati: 10
2025-07-31 10:34:28,010 - news_sentiment_analyzer - INFO - NewsSentimentAnalyzer inizializzato
2025-07-31 10:34:28,010 - news_rss_collector - INFO - Avvio raccolta notizie da tutti i feed RSS...
2025-07-31 10:34:28,074 - news_rss_collector - ERROR - Errore network per reuters_business: HTTPConnectionPool(host='feeds.reuters.com', port=80): Max retries exceeded with url: /reuters/businessNews (Caused by NameResolutionError("<urllib3.connection.HTTPConnection object at 0x7385219a7860>: Failed to resolve 'feeds.reuters.com' ([Errno -2] Name or service not known)"))
2025-07-31 10:34:28,075 - news_rss_collector - INFO - Raccolti 0 articoli recenti da 10 feed
2025-07-31 10:34:28,076 - news_rss_collector - INFO - Cache caricata: 5 ETags
2025-07-31 10:34:28,076 - news_rss_collector - INFO - NewsRSSCollector inizializzato con successo
2025-07-31 10:34:28,076 - news_rss_collector - INFO - Rate limiting: 600s tra aggiornamenti
2025-07-31 10:34:28,076 - news_rss_collector - INFO - Feed RSS configurati: 10
2025-07-31 10:34:28,085 - news_sentiment_analyzer - INFO - NewsSentimentAnalyzer inizializzato
2025-07-31 10:34:28,085 - news_based_trading_ai - INFO - NewsBasedTradingAI inizializzato con successo
2025-07-31 10:34:28,086 - news_based_trading_ai - INFO - Avvio ciclo trading basato su notizie...
2025-07-31 10:34:28,086 - news_rss_collector - INFO - Avvio raccolta notizie da tutti i feed RSS...
2025-07-31 10:34:28,106 - news_rss_collector - ERROR - Errore network per reuters_business: HTTPConnectionPool(host='feeds.reuters.com', port=80): Max retries exceeded with url: /reuters/businessNews (Caused by NameResolutionError("<urllib3.connection.HTTPConnection object at 0x7385219bad20>: Failed to resolve 'feeds.reuters.com' ([Errno -2] Name or service not known)"))
2025-07-31 10:34:28,107 - news_rss_collector - INFO - Raccolti 0 articoli recenti da 10 feed
2025-07-31 10:34:28,107 - news_based_trading_ai - INFO - Nessuna notizia fresca trovata
2025-07-31 10:34:28,107 - news_based_trading_ai - INFO - Report trading esportato: ../data/news_trading_report_20250731_103428.json
2025-07-31 10:34:28,108 - news_rss_collector - INFO - Cache caricata: 5 ETags
2025-07-31 10:34:28,108 - news_rss_collector - INFO - NewsRSSCollector inizializzato con successo
2025-07-31 10:34:28,109 - news_rss_collector - INFO - Rate limiting: 600s tra aggiornamenti
2025-07-31 10:34:28,109 - news_rss_collector - INFO - Feed RSS configurati: 10
2025-07-31 10:34:28,117 - news_sentiment_analyzer - INFO - NewsSentimentAnalyzer inizializzato
2025-07-31 10:34:28,117 - news_based_trading_ai - INFO - NewsBasedTradingAI inizializzato con successo
2025-07-31 10:34:28,117 - news_based_trading_ai - INFO - Avvio ciclo trading basato su notizie...
2025-07-31 10:34:28,118 - news_rss_collector - INFO - Avvio raccolta notizie da tutti i feed RSS...
2025-07-31 10:34:28,127 - news_rss_collector - ERROR - Errore network per reuters_business: HTTPConnectionPool(host='feeds.reuters.com', port=80): Max retries exceeded with url: /reuters/businessNews (Caused by NameResolutionError("<urllib3.connection.HTTPConnection object at 0x738521ae0590>: Failed to resolve 'feeds.reuters.com' ([Errno -2] Name or service not known)"))
2025-07-31 10:34:28,128 - news_rss_collector - INFO - Raccolti 0 articoli recenti da 10 feed
2025-07-31 10:34:28,128 - news_based_trading_ai - INFO - Nessuna notizia fresca trovata
2025-07-31 10:34:30,128 - news_based_trading_ai - INFO - Avvio ciclo trading basato su notizie...
2025-07-31 10:34:30,128 - news_rss_collector - INFO - Avvio raccolta notizie da tutti i feed RSS...
2025-07-31 10:34:30,145 - news_rss_collector - ERROR - Errore network per reuters_business: HTTPConnectionPool(host='feeds.reuters.com', port=80): Max retries exceeded with url: /reuters/businessNews (Caused by NameResolutionError("<urllib3.connection.HTTPConnection object at 0x7385219b3ef0>: Failed to resolve 'feeds.reuters.com' ([Errno -2] Name or service not known)"))
2025-07-31 10:34:30,145 - news_rss_collector - INFO - Raccolti 0 articoli recenti da 10 feed
2025-07-31 10:34:30,145 - news_based_trading_ai - INFO - Nessuna notizia fresca trovata
2025-07-31 10:34:32,146 - news_based_trading_ai - INFO - Avvio ciclo trading basato su notizie...
2025-07-31 10:34:32,146 - news_rss_collector - INFO - Avvio raccolta notizie da tutti i feed RSS...
2025-07-31 10:34:32,166 - news_rss_collector - ERROR - Errore network per reuters_business: HTTPConnectionPool(host='feeds.reuters.com', port=80): Max retries exceeded with url: /reuters/businessNews (Caused by NameResolutionError("<urllib3.connection.HTTPConnection object at 0x7385219bb500>: Failed to resolve 'feeds.reuters.com' ([Errno -2] Name or service not known)"))
2025-07-31 10:34:32,166 - news_rss_collector - INFO - Raccolti 0 articoli recenti da 10 feed
2025-07-31 10:34:32,166 - news_based_trading_ai - INFO - Nessuna notizia fresca trovata
2025-07-31 10:35:28,452 - news_rss_collector - INFO - Cache caricata: 5 ETags
2025-07-31 10:35:28,452 - news_rss_collector - INFO - NewsRSSCollector inizializzato con successo
2025-07-31 10:35:28,452 - news_rss_collector - INFO - Rate limiting: 600s tra aggiornamenti
2025-07-31 10:35:28,452 - news_rss_collector - INFO - Feed RSS configurati: 10
2025-07-31 10:45:22,837 - news_rss_collector - INFO - Cache caricata: 5 ETags
2025-07-31 10:45:22,837 - news_rss_collector - INFO - NewsRSSCollector inizializzato con successo
2025-07-31 10:45:22,837 - news_rss_collector - INFO - Rate limiting: 600s tra aggiornamenti
2025-07-31 10:45:22,838 - news_rss_collector - INFO - Feed RSS configurati: 10
2025-07-31 10:45:22,917 - news_rss_collector - INFO - Raccolti 10 articoli da investing_com
2025-07-31 10:46:22,366 - news_rss_collector - INFO - Cache caricata: 5 ETags
2025-07-31 10:46:22,366 - news_rss_collector - INFO - NewsRSSCollector inizializzato con successo
2025-07-31 10:46:22,366 - news_rss_collector - INFO - Rate limiting: 600s tra aggiornamenti
2025-07-31 10:46:22,366 - news_rss_collector - INFO - Feed RSS configurati: 10
2025-07-31 10:46:35,261 - news_rss_collector - INFO - Cache caricata: 5 ETags
2025-07-31 10:46:35,262 - news_rss_collector - INFO - NewsRSSCollector inizializzato con successo
2025-07-31 10:46:35,262 - news_rss_collector - INFO - Rate limiting: 600s tra aggiornamenti
2025-07-31 10:46:35,262 - news_rss_collector - INFO - Feed RSS configurati: 10
2025-07-31 10:46:35,332 - news_rss_collector - INFO - Raccolti 30 articoli da marketwatch_pulse
2025-07-31 10:46:35,467 - news_rss_collector - ERROR - Errore network per reuters_business: HTTPConnectionPool(host='feeds.reuters.com', port=80): Max retries exceeded with url: /reuters/businessNews (Caused by NameResolutionError("<urllib3.connection.HTTPConnection object at 0x7eb555b27320>: Failed to resolve 'feeds.reuters.com' ([Errno -2] Name or service not known)"))
2025-07-31 10:46:35,612 - news_rss_collector - INFO - Raccolti 20 articoli da yahoo_finance_aapl
2025-07-31 10:46:36,009 - news_rss_collector - INFO - Raccolti 30 articoli da cnbc_markets
2025-07-31 10:46:36,081 - news_rss_collector - INFO - Raccolti 30 articoli da seeking_alpha
2025-07-31 10:46:36,485 - news_rss_collector - INFO - Raccolti 30 articoli da bloomberg
2025-07-31 10:46:36,989 - news_rss_collector - INFO - Raccolti 10 articoli da marketwatch
2025-07-31 10:46:37,504 - news_rss_collector - WARNING - Feed malformato per finviz: <unknown>:5:26: not well-formed (invalid token)
2025-07-31 10:46:37,504 - news_rss_collector - INFO - Raccolti 0 articoli da finviz
2025-07-31 10:46:38,021 - news_rss_collector - ERROR - Errore HTTP per benzinga: 404
2025-07-31 10:46:51,830 - news_rss_collector - INFO - Cache caricata: 5 ETags
2025-07-31 10:46:51,830 - news_rss_collector - INFO - NewsRSSCollector inizializzato con successo
2025-07-31 10:46:51,830 - news_rss_collector - INFO - Rate limiting: 600s tra aggiornamenti
2025-07-31 10:46:51,830 - news_rss_collector - INFO - Feed RSS configurati: 10
2025-07-31 10:46:51,830 - news_rss_collector - INFO - Avvio raccolta notizie da tutti i feed RSS...
2025-07-31 10:46:51,904 - news_rss_collector - ERROR - Errore network per reuters_business: HTTPConnectionPool(host='feeds.reuters.com', port=80): Max retries exceeded with url: /reuters/businessNews (Caused by NameResolutionError("<urllib3.connection.HTTPConnection object at 0x7e77734dbf80>: Failed to resolve 'feeds.reuters.com' ([Errno -2] Name or service not known)"))
2025-07-31 10:46:51,987 - news_rss_collector - INFO - Raccolti 20 articoli da yahoo_finance_aapl
2025-07-31 10:46:52,036 - news_rss_collector - ERROR - Errore HTTP per benzinga: 404
2025-07-31 10:46:52,084 - news_rss_collector - INFO - Raccolti 30 articoli da cnbc_markets
2025-07-31 10:46:52,108 - news_rss_collector - WARNING - Feed malformato per finviz: <unknown>:5:26: not well-formed (invalid token)
2025-07-31 10:46:52,108 - news_rss_collector - INFO - Raccolti 0 articoli da finviz
2025-07-31 10:47:20,972 - news_rss_collector - INFO - Cache caricata: 5 ETags
2025-07-31 10:47:20,972 - news_rss_collector - INFO - NewsRSSCollector inizializzato con successo
2025-07-31 10:47:20,972 - news_rss_collector - INFO - Rate limiting: 600s tra aggiornamenti
2025-07-31 10:47:20,973 - news_rss_collector - INFO - Feed RSS configurati: 10
2025-07-31 10:47:20,973 - news_rss_collector - INFO - Avvio raccolta notizie da tutti i feed RSS...
2025-07-31 10:47:21,022 - news_rss_collector - ERROR - Errore network per reuters_business: HTTPConnectionPool(host='feeds.reuters.com', port=80): Max retries exceeded with url: /reuters/businessNews (Caused by NameResolutionError("<urllib3.connection.HTTPConnection object at 0x77b60870cad0>: Failed to resolve 'feeds.reuters.com' ([Errno -2] Name or service not known)"))
2025-07-31 10:47:21,140 - news_rss_collector - INFO - Raccolti 20 articoli da yahoo_finance_aapl
2025-07-31 10:47:21,169 - news_rss_collector - INFO - Raccolti 30 articoli da cnbc_markets
2025-07-31 10:47:21,200 - news_rss_collector - ERROR - Errore HTTP per benzinga: 404
2025-07-31 10:47:21,606 - news_rss_collector - WARNING - Feed malformato per finviz: <unknown>:5:26: not well-formed (invalid token)
2025-07-31 10:47:21,606 - news_rss_collector - INFO - Raccolti 0 articoli da finviz
2025-07-31 10:47:21,607 - news_rss_collector - INFO - Raccolti 36 articoli recenti da 10 feed
2025-07-31 10:47:21,615 - news_sentiment_analyzer - INFO - NewsSentimentAnalyzer inizializzato
2025-07-31 10:48:16,461 - news_rss_collector - INFO - Cache caricata: 5 ETags
2025-07-31 10:48:16,461 - news_rss_collector - INFO - NewsRSSCollector inizializzato con successo
2025-07-31 10:48:16,461 - news_rss_collector - INFO - Rate limiting: 600s tra aggiornamenti
2025-07-31 10:48:16,461 - news_rss_collector - INFO - Feed RSS configurati: 10
2025-07-31 10:48:16,462 - news_rss_collector - INFO - Avvio raccolta notizie da tutti i feed RSS...
2025-07-31 10:48:16,497 - news_rss_collector - ERROR - Errore network per reuters_business: HTTPConnectionPool(host='feeds.reuters.com', port=80): Max retries exceeded with url: /reuters/businessNews (Caused by NameResolutionError("<urllib3.connection.HTTPConnection object at 0x79bd0a186c90>: Failed to resolve 'feeds.reuters.com' ([Errno -2] Name or service not known)"))
2025-07-31 10:48:16,656 - news_rss_collector - INFO - Raccolti 30 articoli da cnbc_markets
2025-07-31 10:48:16,680 - news_rss_collector - INFO - Raccolti 20 articoli da yahoo_finance_aapl
2025-07-31 10:48:16,731 - news_rss_collector - ERROR - Errore HTTP per benzinga: 404
2025-07-31 10:48:16,850 - news_rss_collector - INFO - Raccolti 10 articoli da marketwatch
2025-07-31 10:48:17,172 - news_rss_collector - WARNING - Feed malformato per finviz: <unknown>:5:26: not well-formed (invalid token)
2025-07-31 10:48:17,172 - news_rss_collector - INFO - Raccolti 0 articoli da finviz
2025-07-31 10:48:43,800 - news_rss_collector - INFO - Raccolti 46 articoli recenti da 10 feed
2025-07-31 10:48:43,809 - news_sentiment_analyzer - INFO - NewsSentimentAnalyzer inizializzato
